<?xml version="1.0" encoding="UTF-8"?>
<testng-results ignored="0" total="2" passed="2" failed="0" skipped="0">
  <reporter-output>
  </reporter-output>
  <suite started-at="2025-10-30T14:17:35 IST" name="BrowserStack WebApp testcases" finished-at="2025-10-30T14:18:48 IST" duration-ms="73598">
    <groups>
    </groups>
    <test started-at="2025-10-30T14:17:35 IST" name="Login Test" finished-at="2025-10-30T14:18:09 IST" duration-ms="34101">
      <class name="browserstackwebapp.TestCase1">
        <test-method is-config="true" signature="setUp()[pri:0, instance:browserstackwebapp.TestCase1@67a20f67]" started-at="2025-10-30T14:17:35 IST" name="setUp" finished-at="2025-10-30T14:17:58 IST" duration-ms="23035" status="PASS">
          <reporter-output>
          </reporter-output>
        </test-method> <!-- setUp -->
        <test-method signature="loginTest()[pri:0, instance:browserstackwebapp.TestCase1@67a20f67]" started-at="2025-10-30T14:17:58 IST" name="loginTest" finished-at="2025-10-30T14:18:06 IST" duration-ms="8663" status="PASS">
          <reporter-output>
          </reporter-output>
        </test-method> <!-- loginTest -->
        <test-method is-config="true" signature="tearDown()[pri:0, instance:browserstackwebapp.TestCase1@67a20f67]" started-at="2025-10-30T14:18:06 IST" name="tearDown" finished-at="2025-10-30T14:18:09 IST" duration-ms="2300" status="PASS">
          <reporter-output>
          </reporter-output>
        </test-method> <!-- tearDown -->
      </class> <!-- browserstackwebapp.TestCase1 -->
    </test> <!-- Login Test -->
    <test started-at="2025-10-30T14:18:09 IST" name="Logout Test" finished-at="2025-10-30T14:18:48 IST" duration-ms="39412">
      <class name="browserstackwebapp.TestCase2">
        <test-method is-config="true" signature="setUp()[pri:0, instance:browserstackwebapp.TestCase2@32eff876]" started-at="2025-10-30T14:18:09 IST" name="setUp" finished-at="2025-10-30T14:18:36 IST" duration-ms="27479" status="PASS">
          <reporter-output>
          </reporter-output>
        </test-method> <!-- setUp -->
        <test-method signature="logoutTest()[pri:0, instance:browserstackwebapp.TestCase2@32eff876]" started-at="2025-10-30T14:18:36 IST" name="logoutTest" finished-at="2025-10-30T14:18:46 IST" duration-ms="9790" status="PASS">
          <reporter-output>
          </reporter-output>
        </test-method> <!-- logoutTest -->
        <test-method is-config="true" signature="tearDown()[pri:0, instance:browserstackwebapp.TestCase2@32eff876]" started-at="2025-10-30T14:18:46 IST" name="tearDown" finished-at="2025-10-30T14:18:48 IST" duration-ms="2141" status="PASS">
          <reporter-output>
          </reporter-output>
        </test-method> <!-- tearDown -->
      </class> <!-- browserstackwebapp.TestCase2 -->
    </test> <!-- Logout Test -->
  </suite> <!-- BrowserStack WebApp testcases -->
</testng-results>
