<?xml version="1.0" encoding="UTF-8"?>
<testng-results ignored="0" total="1" passed="1" failed="0" skipped="0">
  <reporter-output>
  </reporter-output>
  <suite started-at="2025-10-30T20:10:39 IST" name="Default suite" finished-at="2025-10-30T20:11:21 IST" duration-ms="42007">
    <groups>
    </groups>
    <test started-at="2025-10-30T20:10:39 IST" name="Default test" finished-at="2025-10-30T20:11:21 IST" duration-ms="42007">
      <class name="project.LoginTest">
        <test-method is-config="true" signature="setUp()[pri:0, instance:project.LoginTest@26794848]" started-at="2025-10-30T20:10:39 IST" name="setUp" finished-at="2025-10-30T20:10:47 IST" duration-ms="7730" status="PASS">
          <reporter-output>
          </reporter-output>
        </test-method> <!-- setUp -->
        <test-method signature="verifyVendorFilterFunctionality()[pri:0, instance:project.LoginTest@26794848]" started-at="2025-10-30T20:10:47 IST" name="verifyVendorFilterFunctionality" finished-at="2025-10-30T20:11:18 IST" duration-ms="31654" status="PASS">
          <reporter-output>
          </reporter-output>
        </test-method> <!-- verifyVendorFilterFunctionality -->
        <test-method is-config="true" signature="tearDown()[pri:0, instance:project.LoginTest@26794848]" started-at="2025-10-30T20:11:18 IST" name="tearDown" finished-at="2025-10-30T20:11:21 IST" duration-ms="2561" status="PASS">
          <reporter-output>
          </reporter-output>
        </test-method> <!-- tearDown -->
      </class> <!-- project.LoginTest -->
    </test> <!-- Default test -->
  </suite> <!-- Default suite -->
</testng-results>
